252128769857
252540057687
252549067939
251999960882
251999960882
252310277062
252657172992
251999960882
252538257108
252546228455
252070526038
252342316494
252453961634
252100859300
252047824941
252144341829
251999960882
251999960882
251999960882
251999960882
252673403705
251999960882
252102452870
252226507739
251999960882
252354175731
252458793385
251999960882
251999960882
252383651278
251999960882
252051776116
252005674484
252406775807
252405939116
251999960882
251999960882
252533096771
252611609220
252198665067
251999960882
252210640443
252308843558
251999960882
252496880493
252159626251
251999960882
252294999753
252312144272
252162922654
251999960882
251999960882
252763036896
252029561178
252322277590
251999960882
251999960882
251999960882
252271789074
252453467100
252252553315
252246100144
252316430480
252122001253
252282159359
252238286326
251999960882
252535666741
252498221841
252383621613
252131027899
252511100598
251999960882
252414800885
251999960882
251999960882
251999960882
251999960882
251999960882
252009406847
252401505541
252156002225
252471629244
252545118181
251999960882
251999960882
251999960882
251999960882
251999960882
251999960882
252017874073
252065633054
252601452959
251999960882
251999960882
252301180961
251999960882
252036135224
252109917833
252552811000
252311133471
252104139699
252055780093
252358851382
251999960882
251999960882
252771612503
252459254643
252221936154
251999960882
252551562183
251999960882
252414995389
251999960882
251999960882
251999960882
252331271306
252217944507
252195096183
252139847179
251999960882
252036002958
252438266346
252283438305
251999960882
251999960882
252770669176
251999960882
251999960882
252158261092
252211691562
251999960882
252227990233
252784634470
251999960882
252248764172
252556751148
251999960882
252540371875
252514190668
251999960882
251999960882
252153179607
252053783632
252311550176
252640762166
252470158811
252369323590
251999960882
252245528231
252179856686
252108585372
252239236272
252096075267
252274342521
252233021597
252676243096
252572200052
252221922250
252500732689
252010193166
251999960882
252112516291
251999960882
252364581890
252049555859
252500060708
252101884170
252608288145
252142698853
252087159395
252092921566
252256000787
251999960882
252062158185
252581479155
252036044584
251999960882
252403041345
251999960882
252211428832
252545757900
251999960882
252263434695
252691712185
251999960882
251999960882
251999960882
251999960882
252497534628
252235994942
252226979789
251999960882
252160597237
251999960882
251999960882
251999960882
252127198186
251999960882
252023015012
251999960882
252207381184
252141396948
252355492252
251999960882
251999960882
252447895919
251999960882
252324882553
251999960882
252227581773
251999960882
252472571172
251999960882
252033637693
251999960882
252395197615
252042732375
252250038059
252088516072
252317867763
251999960882
251999960882
252207922204
251999960882
251999960882
251999960882
252090163025
251999960882
252263470995
251999960882
251999960882
251999960882
251999960882
252182985791
251999960882
251999960882
251999960882
252034358526
251999960882
252241585186
252535486100
251999960882
252237778724
252313325301
251999960882
251999960882
251999960882
252032877258
252214057018
252284009567
251999960882
252048047887
252384247574
251999960882
251999960882
252527327172
251999960882
251999960882
252404029876
252539943502
251999960882
252096770453
251999960882
251999960882
252154497187
251999960882
252221205548
251999960882
251999960882
252185363117
251999960882
251999960882
251999960882
251999960882
252043077695
252554544858
251999960882
251999960882
251999960882
251999960882
252160672951
252104288741
252153236708
251999960882
252071881088
251999960882
252536020046
251999960882
251999960882
251999960882
251999960882
251999960882
252369122098
252449873097
251999960882
252224418122
252379082408
251999960882
251999960882
251999960882
252406348169
251999960882
252444309248
252518653380
252482552505
251999960882
251999960882
251999960882
251999960882
252100168222
251999960882
252439828996
252225018200
251999960882
252007260075
252337755738
252309195989
251999960882
251999960882
251999960882
252080361955
252155909707
252214800543
251999960882
251999960882
252701258688
252709024650
252098848590
252554678696
251999960882
251999960882
251999960882
252409195444
252466041199
251999960882
251999960882
251999960882
252193099044
251999960882
251999960882
252256666535
251999960882
251999960882
251999960882
252307333055
251999960882
252454038123
251999960882
252129937586
252518822570
251999960882
252475689224
251999960882
251999960882
252163920548
251999960882
251999960882
252034863359
252195419953
252339419239
252632345194
251999960882
252124375072
252275590694
252168484861
251999960882
252608962343
252423909379
251999960882
251999960882
251999960882
252114634377
252487873739
252262598472
251999960882
251999960882
252540363574
251999960882
251999960882
252294075864
252356098125
252378860094
252265836560
251999960882
252190282587
251999960882
251999960882
252257145017
252166389502
252200068642
252341370178
252144431695
252147601154
251999960882
251999960882
251999960882
252295959367
252224779429
252001702620
251999960882
251999960882
251999960882
251999960882
251999960882
252367535737
251999960882
252350168434
252342119657
251999960882
252299278966
252380948722
252694025112
251999960882
251999960882
252067503211
251999960882
252458167635
252177096277
251999960882
251999960882
252325345725
252639640698
252203452839
252819502772
251999960882
251999960882
251999960882
252165004313
251999960882
251999960882
252417569865
251999960882
251999960882
252410072095
251999960882
251999960882
251999960882
252255350627
252075818286
251999960882
251999960882
251999960882
252513590947
252549633334
251999960882
252058373447
251999960882
251999960882
252199197894
251999960882
251999960882
251999960882
252157816141
251999960882
251999960882
251999960882
252242440443
251999960882
251999960882
252395224895
251999960882
251999960882
251999960882
251999960882
252602171025
251999960882
251999960882
252499550169
251999960882
252612193873
251999960882
251999960882
252187772811
252575226342
252013575758
252334294507
252220024917
251999960882
251999960882
252214064757
251999960882
252275389110
251999960882
252189512914
251999960882
252070806453
251999960882
252314719360
251999960882
251999960882
252097237531
251999960882
251999960882
251999960882
251999960882
251999960882
251999960882
252282911810
252021121825
251999960882
252105700069
251999960882
252290589521
252459036393
251999960882
251999960882
251999960882
251999960882
252381375306
251999960882
251999960882
251999960882
252025542239
251999960882
251999960882
251999960882
251999960882
251999960882
252135773226
251999960882
251999960882
252135838452
252319155692
252367526753
252460266504
252229265984
252359895522
251999960882
252212391787
252005951804
251999960882
252041609121
251999960882
251999960882
252273231827
252525989645
251999960882
251999960882
252415601246
252622564398
252172581729
251999960882
252628669730
252003946554
251999960882
251999960882
251999960882
252522419233
251999960882
252151871238
251999960882
252423744664
252047917410
252064804110
251999960882
252209350751
251999960882
252432430309
251999960882
252031216506
252644849005
251999960882
252289761624
252517217449
252102571930
251999960882
251999960882
251999960882
251999960882
252230351287
252364513451
251999960882
252723927107
251999960882
251999960882
251999960882
251999960882
251999960882
252021358854
251999960882
251999960882
252077907126
251999960882
252224970279
251999960882
252661634515
251999960882
252433584101
252065986879
252360643403
251999960882
252218435157
252278492157
251999960882
251999960882
252372890697
251999960882
252714938229
251999960882
251999960882
251999960882
251999960882
251999960882
251999960882
251999960882
251999960882
252343997303
252280121835
251999960882
251999960882
252295606421
252053352456
252017653623
251999960882
252127011082
251999960882
251999960882
251999960882
252580863119
251999960882
252152596448
252378228675
251999960882
251999960882
252614329128
251999960882
252571229221
252044049784
251999960882
252078648791
252010795488
252485306749
251999960882
251999960882
252490192095
251999960882
251999960882
252302911816
251999960882
252269026787
251999960882
251999960882
252532103244
251999960882
251999960882
252212781644
251999960882
251999960882
251999960882
251999960882
252702812783
252503981828
251999960882
252334060080
251999960882
252205946597
251999960882
252595493724
251999960882
251999960882
251999960882
252371405080
252588270685
251999960882
252305332359
251999960882
252135564045
251999960882
251999960882
252710880493
251999960882
252145364562
251999960882
251999960882
251999960882
251999960882
251999960882
251999960882
251999960882
251999960882
252028783790
252124034291
252017414254
251999960882
252011672711
251999960882
252615019806
251999960882
252182829818
252403220209
252079999255
251999960882
252194470719
252311483349
251999960882
251999960882
251999960882
251999960882
252377638558
252168341593
252193455655
252204815231
251999960882
251999960882
251999960882
252378732613
252538093772
251999960882
251999960882
252504661186
252246152008
252395739840
251999960882
251999960882
251999960882
251999960882
251999960882
252502708803
252638470053
252307074836
252014394629
252002220357
252214893831
252040605385
251999960882
251999960882
252355098189
252500809582
251999960882
252217693370
251999960882
252585387189
252370422878
251999960882
252684253154
252072825425
252411390856
251999960882
251999960882
251999960882
251999960882
252080528479
251999960882
252450152046
252167547715
252164747719
252343427703
251999960882
252431835504
252607672702
251999960882
252133109239
251999960882
251999960882
251999960882
251999960882
251999960882
252005066576
251999960882
251999960882
251999960882
251999960882
252333637155
251999960882
251999960882
252001053688
251999960882
251999960882
251999960882
252514752156
252207873775
251999960882
252250475841
251999960882
252054743309
252113938322
252235793623
251999960882
252148915686
251999960882
252274925578
252505088210
252050502388
252502871495
251999960882
252367138556
251999960882
251999960882
251999960882
251999960882
251999960882
251999960882
251999960882
251999960882
251999960882
251999960882
252387758008
251999960882
251999960882
252661425034
251999960882
252513874370
252193171810
251999960882
251999960882
252378536611
251999960882
252167579116
251999960882
252095392445
252587762105
252314233589
251999960882
251999960882
252389869297
251999960882
252639609967
252199703960
252642427983
252154751333
251999960882
252059118698
252056161119
251999960882
252189978982
251999960882
252611090237
251999960882
252027559638
251999960882
252316577755
251999960882
251999960882
252456125043
252720584103
252713129130
251999960882
251999960882
251999960882
252480935576
251999960882
251999960882
251999960882
252174175074
251999960882
251999960882
252074015460
251999960882
251999960882
251999960882
251999960882
251999960882
251999960882
252212879237
252603834125
252040283652
251999960882
251999960882
252476279288
252009255007
252533770984
251999960882
251999960882
251999960882
252647397527
251999960882
251999960882
252120566790
252430997003
251999960882
251999960882
252373345491
251999960882
251999960882
251999960882
252334400726
251999960882
251999960882
251999960882
251999960882
252253488897
252485885940
251999960882
251999960882
252528734499
251999960882
251999960882
251999960882
252360916760
252119666442
251999960882
252136372967
251999960882
251999960882
251999960882
251999960882
251999960882
252103557439
252657889910
252419057428
251999960882
251999960882
252380526052
252613626047
251999960882
252360888505
252134858340
251999960882
251999960882
251999960882
251999960882
251999960882
251999960882
251999960882
252386465303
252316135871
252473484974
251999960882
251999960882
251999960882
251999960882
251999960882
252177421174
251999960882
251999960882
251999960882
251999960882
251999960882
251999960882
252133239628
252227604475
251999960882
252374109765
251999960882
251999960882
251999960882
252691703464
251999960882
252103234081
251999960882
252071306755
252449163488
252592868679
251999960882
251999960882
251999960882
251999960882
252020463799
251999960882
252311942040
252012477513
251999960882
251999960882
252279470277
251999960882
252415254219
251999960882
251999960882
252439883295
252063253304
251999960882
252162728856
252114402822
251999960882
252326960025
251999960882
251999960882
251999960882
251999960882
251999960882
251999960882
251999960882
251999960882
251999960882
251999960882
251999960882
251999960882
251999960882
252668014354
251999960882
251999960882
252180170111
252612409891
252517577889
251999960882
252288439391
251999960882
251999960882
251999960882
252079221994
251999960882
252185019436
251999960882
251999960882
251999960882
251999960882
251999960882
252068951030
252367737576
252572342062
251999960882
252116868277
251999960882
252717775584
251999960882
251999960882
252534954226
252119217836
251999960882
251999960882
252188416328
252164925216
252431464260
252217268691
251999960882
252444537526
251999960882
252489611824
251999960882
252323887327
252419826433
251999960882
251999960882
252023650240
252101452243
251999960882
252365701218
251999960882
251999960882
251999960882
251999960882
251999960882
252134561209
251999960882
251999960882
252260053586
252449945287
252070547326
251999960882
252056020106
252032764152
251999960882
252081885302
252028927256
252527790386
252566418162
252052672948
252117945065
252202911040
251999960882
251999960882
251999960882
252634445588
251999960882
251999960882
252192206620
251999960882
251999960882
252054949166
252488580201
251999960882
251999960882
252194763532
252041964785
252300017207
251999960882
251999960882
252742001091
251999960882
252149015604
252093671768
252340691379
252376132663
251999960882
251999960882
252248527555
251999960882
252165697832
252105978632
251999960882
252490490158
252557140057
252100919237
251999960882
252326525635
252287920013
251999960882
251999960882
252015603287
252263936529
252417504092
251999960882
251999960882
251999960882
252678016691
252091559572
252366142482
251999960882
251999960882
252039415636
251999960882
252186091962
252362742848
251999960882
252172332531
252490251866
252052493264
251999960882
251999960882
252770174576
252363555415
252367401123
251999960882
251999960882
252160474825
251999960882
252542218651
251999960882
251999960882
252575312380
251999960882
251999960882
251999960882
252419293778
251999960882
252188436278
252187557000
251999960882
251999960882
251999960882
251999960882
251999960882
251999960882
252127478564
251999960882
252223108901
251999960882
251999960882
252011699341
251999960882
252074734495
252203904756
252480045513
252560642219
251999960882
252279373346
251999960882
252517104241
251999960882
252250282909
252642491261
252292859533
252471667712
251999960882
251999960882
251999960882
251999960882
251999960882
251999960882
251999960882
252209863198
251999960882
251999960882
252305319726
251999960882
252383453842
251999960882
252015753220
251999960882
252716910073
251999960882
252581855209
251999960882
252430338769
252083719924
251999960882
251999960882
252075398405
252280891894
251999960882
252332112634
252083361006
252250241814
251999960882
251999960882
251999960882
252284006605
252477379785
252004918323
252124846152
252453067521
251999960882
251999960882
252104913818
251999960882
251999960882
252132519095
251999960882
251999960882
251999960882
252427973973
252287054712
252128225742
252024285708
251999960882
252215905256
252356966025
251999960882
251999960882
251999960882
252174737071
252078115009
251999960882
252253281355
251999960882
251999960882
252353149291
251999960882
251999960882
252126552029
252148669638
252076342558
252329358193
251999960882
252369913525
252222960219
251999960882
251999960882
252604660856
251999960882
251999960882
252589273877
251999960882
251999960882
251999960882
252234320430
252143907983
251999960882
252431660066
252368546301
252149093128
252321033010
252170424995
252159542236
252189758433
252131651282
252284897312
252287268716
251999960882
251999960882
251999960882
251999960882
251999960882
252190612767
251999960882
251999960882
252194772754
251999960882
252432274163
252336788629
252406288969
252397052011
251999960882
251999960882
252373227529
251999960882
252423631302
251999960882
251999960882
251999960882
251999960882
251999960882
251999960882
252185047624
251999960882
251999960882
252379325318
251999960882
252216595047
251999960882
252502218424
252256877079
252066913232
252451338009
251999960882
251999960882
251999960882
251999960882
251999960882
251999960882
252178991350
252308325046
252366951758
252147669849
252105166624
252392026410
252964825256
252178430448
252124114517
251999960882
251999960882
252025572424
252055936951
251999960882
252274918684
252077831845
251999960882
252644089923
252369307185
252093521307
251999960882
252148485605
251999960882
251999960882
252080181878
252358610638
251999960882
252171182950
252250458076
251999960882
251999960882
252028404522
251999960882
251999960882
251999960882
252352650125
252095714578
251999960882
252131182805
252270073315
252170164013
251999960882
251999960882
251999960882
252265991366
251999960882
252045441459
251999960882
251999960882
251999960882
252202083844
251999960882
251999960882
251999960882
251999960882
251999960882
252094362752
252672407935
252489639306
251999960882
251999960882
251999960882
251999960882
252077676367
252003299759
252346412617
251999960882
252107489373
252140808406
251999960882
252348793439
252288522463
251999960882
251999960882
252016192464
251999960882
252044263365
251999960882
251999960882
251999960882
251999960882
252376182959
251999960882
251999960882
251999960882
252255329445
251999960882
251999960882
252358824263
251999960882
251999960882
251999960882
251999960882
251999960882
252400275137
251999960882
251999960882
252614958886
252256855731
251999960882
252397721521
252157192804
252515535891
252316849638
251999960882
251999960882
252138323112
251999960882
252392390314
252562062672
252178765001
252366465450
252210560806
251999960882
252587272414
252548588833
251999960882
251999960882
251999960882
252674946639
251999960882
252506426286
251999960882
251999960882
252304547229
251999960882
251999960882
252388427777
252337782508
252503423921
252044788198
251999960882
251999960882
251999960882
252428864061
252171891855
252063224883
252136945652
252304924156
251999960882
251999960882
252227146342
251999960882
251999960882
251999960882
252069418756
252252940197
251999960882
251999960882
252348939823
252657593449
251999960882
252536000972
252575468960
252171645953
251999960882
251999960882
252104832674
251999960882
251999960882
252241284739
252027898139
252525801140
252294456770
251999960882
251999960882
252542256011
251999960882
251999960882
251999960882
252214206731
252371949334
252454544236
251999960882
252198096168
252004155256
252368997192
251999960882
251999960882
252588790801
252364918466
251999960882
252613450483
252274401238
252678335803
252299267547
252418738265
252518814704
251999960882
252102838709
252616128268
251999960882
252275992068
252336110933
252139097987
251999960882
252701876584
251999960882
251999960882
252592457022
252196890754
251999960882
251999960882
251999960882
252544006048
251999960882
252200102765
252306705378
251999960882
251999960882
251999960882
251999960882
252326814971
252550534018
251999960882
251999960882
252698455541
251999960882
251999960882
251999960882
251999960882
252669393426
252279091170
252143651938
252505098965
252230550105
251999960882
251999960882
251999960882
252103814759
251999960882
252001004377
252097724604
252417835990
251999960882
251999960882
251999960882
251999960882
251999960882
251999960882
252121706469
252037799644
252493402224
251999960882
252400907406
251999960882
251999960882
251999960882
251999960882
252093174947
251999960882
251999960882
251999960882
251999960882
252618572857
251999960882
252589167113
252333440197
251999960882
252088073546
252638581493
251999960882
251999960882
252459501470
252644458429
251999960882
252395522922
252128467482
252043057405
251999960882
251999960882
251999960882
251999960882
252003327116
251999960882
252333637102
251999960882
251999960882
251999960882
251999960882
252518189626
252160560905
252695075817
251999960882
252502311850
252081691932
251999960882
251999960882
251999960882
251999960882
251999960882
252342322219
251999960882
252288009116
252238441209
252741258537
252229085732
251999960882
251999960882
252058574089
251999960882
251999960882
252218121920
252474148485
252169294038
251999960882
252033121908
252576634720
251999960882
251999960882
252587635270
252149387035
251999960882
252078236816
252408710269
251999960882
252396573976
252237270924
252416475309
252433530540
251999960882
252271673974
251999960882
251999960882
252485203750
251999960882
251999960882
252576724314
252409937238
251999960882
252065689119
251999960882
251999960882
251999960882
251999960882
252190196118
252096526537
252192395100
252423687456
251999960882
251999960882
252309432175
252362447716
252394126015
252342565040
251999960882
251999960882
251999960882
251999960882
251999960882
252215666250
251999960882
251999960882
251999960882
252350421072
252365127791
252003446024
251999960882
252093180869
251999960882
251999960882
251999960882
252163834090
252636006764
251999960882
251999960882
252608610917
252492185090
251999960882
252226380556
252241094639
251999960882
252169297015
252075858953
252227113880
252055934736
252430354766
252057633980
251999960882
251999960882
251999960882
251999960882
252736942039
252296857094
252336724362
252094031504
252079272453
252077427062
252001310540
251999960882
251999960882
252499353047
252059236179
251999960882
252550357895
251999960882
251999960882
251999960882
251999960882
252742491297
251999960882
251999960882
251999960882
251999960882
251999960882
251999960882
252355251565
251999960882
251999960882
251999960882
252013559181
252172363303
252094051199
251999960882
252071166314
252479778720
251999960882
251999960882
252529471997
251999960882
251999960882
251999960882
252148650149
251999960882
252225277415
251999960882
252042808693
252724529965
251999960882
252292637257
252197117045
251999960882
251999960882
251999960882
252127028312
251999960882
252130593460
252354683904
251999960882
252204057679
252114961044
252482790585
252308662734
252244510453
251999960882
251999960882
252554667982
252054235125
251999960882
252074350426
251999960882
251999960882
252249829903
251999960882
251999960882
252543217939
252240694409
252399821547
252486917516
251999960882
251999960882
252418403552
252394177128
252045863439
252468991738
251999960882
252526053210
251999960882
252494251471
252659452355
252536226165
252021289128
251999960882
251999960882
251999960882
252603530014
252424164406
252435718648
252403341097
252042365325
252163528979
251999960882
252233250040
251999960882
251999960882
251999960882
252493571706
251999960882
251999960882
251999960882
252341854437
252131683754
252253478006
252492325181
251999960882
252590957636
251999960882
251999960882
251999960882
251999960882
251999960882
251999960882
252427627012
251999960882
252011020349
251999960882
251999960882
252334712774
252134518847
252593561658
251999960882
251999960882
252120473622
251999960882
251999960882
251999960882
252357914827
251999960882
251999960882
251999960882
251999960882
251999960882
252163157003
252287349875
251999960882
252593280910
252396379995
252419910949
251999960882
251999960882
252025054499
251999960882
252036294891
252351153689
251999960882
252139883667
252010103877
252310189910
251999960882
251999960882
251999960882
252464496873
251999960882
252005561745
252152866605
251999960882
251999960882
251999960882
251999960882
251999960882
251999960882
252253861701
252097880326
252213698328
252507502686
251999960882
252374047952
252287219645
251999960882
252462873034
252266971312
252543189593
251999960882
251999960882
252059248387
252015477012
251999960882
251999960882
252495127575
251999960882
251999960882
251999960882
251999960882
252114658951
252254351779
252284625060
251999960882
252382407431
252236087037
251999960882
252165792269
251999960882
251999960882
252434498551
251999960882
252396521024
252354889573
252415695096
252482280563
251999960882
252301991269
252313007446
252594595359
251999960882
251999960882
251999960882
251999960882
252554845930
252109946433
251999960882
251999960882
251999960882
252383666865
251999960882
252075713426
252244127315
251999960882
252344737936
251999960882
252339591716
252420973528
251999960882
252028385649
252121694640
252104370585
251999960882
251999960882
251999960882
252199105814
252010700545
252413968549
252126362780
252422149885
252121244485
251999960882
251999960882
252353405632
251999960882
252458137287
251999960882
252540015963
252128320349
252329984511
251999960882
252346955061
251999960882
252078012727
251999960882
251999960882
252688145980
251999960882
251999960882
252122881188
252260003719
252551226034
252268529632
252415167754
252012257510
252294787993
251999960882
251999960882
252551913643
252285874327
251999960882
251999960882
252595172960
252352513290
251999960882
251999960882
252387390292
251999960882
252256078788
252247616319
251999960882
251999960882
251999960882
251999960882
252363514415
251999960882
251999960882
252272391971
252397772406
252309814681
252228089113
252058636657
251999960882
251999960882
251999960882
251999960882
252235384162
252812821352
252180327181
251999960882
252455209094
251999960882
252449798220
252105548524
252598568157
252363190874
251999960882
251999960882
252350295454
252094416620
251999960882
251999960882
251999960882
252482852092
252587001290
251999960882
251999960882
251999960882
252351973384
251999960882
252697733030
252134970351
252075166525
252150854299
252169714478
252528037980
