276161199328
275769415421
275937584276
275610915041
275610915041
276047571081
275610915041
275610915041
275610915041
276249071955
275610915041
275610915041
275938057163
275633359752
276031443907
276218835986
276082302709
275730311441
275741184272
275705682112
275826991541
275911059036
276104065345
275610915041
275610915041
275610915041
275610915041
275659165974
275920326379
275610915041
275931738174
275693683242
275610915041
275610915041
275610915041
275610915041
275610915041
275610915041
275610915041
275931433319
276076354132
276082935700
275610915041
275610915041
275610915041
276116423565
275983566396
276073234095
275935089543
275610915041
275610915041
275629929497
275920243331
276324286918
275814798557
275610915041
275690261139
275991407341
276000509152
276074054564
275898720111
275610915041
276093356887
275610915041
276163304261
275610915041
275706334074
275610915041
276239892432
275783637639
275610915041
275610915041
276183200801
276333686403
276040454561
275810579955
275610915041
275610915041
276071887603
275610915041
276256912080
275610915041
275610915041
276119835894
275849928799
275610915041
276158204324
275610915041
275638570832
275610915041
275610915041
275610915041
276091577768
275889014885
275610915041
275610915041
275775899300
276253153799
275610915041
275677683617
275610915041
275610915041
275610915041
275610915041
275745203113
275684395968
275610915041
275795535923
275610915041
275610915041
275610915041
275946080587
275610915041
276088157721
275658762542
275610915041
275610915041
275610915041
276263841962
275857721759
275704936037
275610915041
275911410138
275701534019
275632621980
276205718161
276139676616
276080364229
275875551297
275721508812
276065304996
275938181804
275610915041
275610915041
276104031743
275641635481
275610915041
275610915041
276095303101
275610915041
275610915041
276031081310
275659445150
275619068418
275760795888
275610915041
275610915041
275610915041
275944399209
276177724916
275610915041
275610915041
275910450257
276197353661
275610915041
275610915041
275610915041
275955629029
275610915041
276211175909
276112677700
275610915041
275610915041
275610915041
275829692151
275848307251
275610915041
275722593680
275610915041
276010517721
275632140228
275610915041
275721530632
275868757997
275975001281
275610915041
276149664937
276310474056
275610915041
276310152435
276101239807
275638207021
275610915041
275744902315
275610915041
275610915041
275610915041
275610915041
275765921967
275725135012
276127953105
276073020152
275610915041
275776961611
276038238748
275610915041
275610915041
276044055968
275610915041
276140274626
275983482600
275623344182
275610915041
275634424373
275995642276
275610915041
275610915041
275703735906
275610915041
275610915041
275795545218
275919547392
275610915041
275647750321
275645821068
275948412292
276228903667
276212009539
275610915041
275933199382
275610915041
275610915041
275683272524
275610915041
275646647448
275610915041
275610915041
275610915041
275898325029
276161800616
275610915041
275610915041
275610915041
275637472063
276048888417
275610915041
275610915041
275610915041
275610915041
275610915041
276185641521
275914303295
275755721009
275610915041
275658106425
275610915041
275610915041
275769117549
275805524137
275811995991
275610915041
275883671751
275700573380
275610915041
275610915041
275610915041
275610915041
275943051218
275814073887
275815816914
275778409590
275610915041
275780391710
275838218304
275965550646
275610915041
275610915041
275610915041
275610915041
275610915041
275610915041
275610915041
275610915041
275860446438
275836543505
275754818221
275610915041
276023557930
275610915041
275610915041
275610915041
275610915041
275610915041
275610915041
275610915041
275659539666
275614884035
276076523000
275610915041
275610915041
276093883823
275610915041
275610915041
275858862275
275787343011
275704167003
275610915041
275782234760
276119258565
275610915041
275610915041
275743669668
275610915041
275610915041
275610915041
275651881377
275610915041
275911262150
275610915041
275738757242
275610915041
275914589414
276049363279
275610915041
275610915041
276045550865
275610915041
275880490273
276018013335
275953403080
275933174594
275930139984
275610915041
275610915041
275610915041
275613897752
275610915041
275610915041
275610915041
275980012854
275845929728
276012240984
276085455302
275610915041
275815702924
275610915041
275610915041
275610915041
275610915041
275610915041
276117437117
275610915041
275659302670
275610915041
275610915041
276182196903
275739949469
275610915041
275610915041
275719125357
275738239639
275755436871
275610915041
275700299390
276087467927
275610915041
276031044196
275610915041
275610915041
275610915041
275621719373
275835337170
275867825278
275610915041
275610915041
276101251800
275610915041
275610915041
275683424997
276047139085
275610915041
275713961936
276084396454
275610915041
275734321269
275993892669
275699884260
275610915041
275610915041
275610915041
275610915041
275681729644
275610915041
275610915041
275610915041
275610915041
275610915041
275610915041
275610915041
275610915041
275610915041
276171599794
275610915041
275610915041
275969929737
275940396336
275610915041
275610915041
275964834830
275991444429
275610915041
275625615775
275610915041
275610915041
275896187506
275610915041
275780494420
275610915041
275610915041
275873498335
276027582699
275610915041
276212201298
275864157987
275610915041
275610915041
275610915041
276169588576
275610915041
275610915041
275610915041
276176513056
275610915041
275640286790
275610915041
275624927104
275829807620
275837038122
275684114540
275610915041
276159238245
275610915041
275711857499
275610915041
275610915041
275610915041
275610915041
275610915041
275717958708
275958462139
276022481210
276276753800
275749961773
275859236048
275610915041
275707258558
276241255238
275610915041
275741101513
275610915041
276286576893
275715367747
275610915041
275784130569
275610915041
275610915041
275811636050
275610915041
275643693428
276250599350
275610915041
275610915041
275699898994
275781150012
275610915041
275800692965
275610915041
275860146874
275877156722
275657318075
275973891294
275610915041
275744073464
276191537333
275610915041
275954646515
276052455975
275610915041
275610915041
276265931433
275610915041
275610915041
275610915041
275845916900
275610915041
275610915041
275958544843
275639398314
275716224105
275768122249
275610915041
275610915041
275637400629
275806796051
275610915041
275610915041
275610915041
275855252147
275610915041
276264096589
275610915041
275610915041
276134112061
275610915041
275735127511
275610915041
275610915041
275610915041
275610915041
275622104354
275610915041
275610915041
276196993992
275639596216
275610915041
275800359368
275610915041
276194993058
275610915041
275767298109
275610915041
275610915041
275610915041
275837174963
276054422368
275610915041
275610915041
275610915041
275610915041
275917160111
276017879832
275925604653
275610915041
275610915041
275968660154
275859015635
275869250683
275720214433
275844510620
276114849392
275610915041
276046955736
275610915041
275673696965
275610915041
275610915041
275922519152
275610915041
275765611088
275690700076
276050490282
275610915041
276034213719
275659474333
275610915041
275921436946
275610915041
275610915041
276224492457
276003713177
275792932384
276050096157
275834304143
275780247568
275693486004
275610915041
275610915041
275610915041
275791844878
276277665076
275610915041
275653210317
275610915041
275736730746
275828072823
275610915041
275610915041
275698046550
275610915041
275610915041
276138527924
275610915041
275610915041
275993355662
275723040532
275683366273
275773272806
275610915041
275968336634
275610915041
275610915041
275610915041
276236443861
276265910143
275610915041
275889462363
275957367993
275610915041
275709706935
276189468825
275610915041
275633738741
275610915041
275638133311
276271113387
275958816998
275610915041
276010414841
276032822269
276036723840
275669538946
276086907076
275610915041
275610915041
276026359907
275610915041
275855591514
275610915041
275899454404
276067430436
275610915041
275610915041
276281627383
275610915041
275610915041
275680650501
276036487306
275610915041
275934800756
275610915041
275610915041
275945218851
275704952448
276114852564
275610915041
275610915041
275610915041
275958865734
275975805516
275768525126
275610915041
275817633649
275715724259
276077852541
275701412917
276174413127
276104314105
275610915041
275610915041
276102531585
276008389015
275640391502
275610915041
275610915041
275615679308
275610915041
275610915041
275610915041
275617333213
275878616370
275610915041
275625222170
275610915041
275610915041
276129632729
276161496635
276167734827
275610915041
275610915041
275610915041
275610915041
275610915041
275610915041
275664367014
275943111906
275610915041
275610915041
275698290182
275610915041
275610915041
275610915041
275610915041
275610915041
276012142375
275828919317
275851366181
275768300682
275727182842
275610915041
275610915041
275610915041
275963051357
275952092420
276284923208
275740556408
275610915041
275749736022
275610915041
275993910331
275610915041
275610915041
275805318858
275980687197
275610915041
275779398141
276207054755
275911218747
275610915041
275762072954
275610915041
275718319652
275610915041
275931630475
275885214284
275610915041
275610915041
275610915041
275718302742
275610915041
275937918499
275840839808
276148036407
275903760410
275610915041
276096424718
275610915041
275636901034
275610915041
275610915041
275610915041
275610915041
275610915041
276119156091
276056130567
275958088123
275648612303
275679189265
276144569175
275610915041
275610915041
275704794928
275610915041
276163633023
276148582308
275867222505
275610915041
275610915041
275610915041
275610915041
275610915041
275610915041
275610915041
275610915041
275636379587
275610915041
275610915041
275623179268
275845712501
276044738519
275699085665
275627873616
275610915041
275610915041
275772639575
276024958798
275731708984
275610915041
275804434112
275610915041
275628040574
275610915041
276171090509
275610915041
276254369039
275644481099
275669457387
276105185317
275610915041
275610915041
275610915041
275610915041
275610915041
275610915041
275978737852
275947508240
275663316025
275693246577
275898382375
275791362452
275705379673
275610915041
275679821805
275917112883
276169229274
275610915041
276021934795
275610915041
276113308305
275610915041
275948636171
276166800254
275610915041
276082042570
275632330585
276147590704
275952330796
275768482196
275610915041
276043641356
275610915041
275610915041
275610915041
275652678117
275610915041
275945256004
275610915041
275648407992
275759716318
275840377939
275643005144
275610915041
275929012003
275846081868
275797281710
275610915041
275610915041
275852798914
275610915041
275610915041
275610915041
275610915041
276049393251
275634878208
275610915041
275809259823
275610915041
275756786307
275679989760
275610915041
275840034489
275610915041
275809453973
275643312645
276108351185
275610915041
275923183349
275893363725
275740817500
276189040920
275610915041
275610915041
276004510983
275878524061
275610915041
275610915041
276063005516
275703164050
275639756985
275610915041
275610915041
275610915041
275610915041
275610915041
275626572808
275740403140
276015618605
275610915041
275857508853
276245379933
275697542788
275849221434
275909630869
275680916860
275610915041
275610915041
275871581546
275643688844
275730966128
276012015203
275610915041
275610915041
275610915041
276009856929
275997560155
276215001773
275610915041
275694160564
275610915041
276211988885
275610915041
275610915041
275624138531
276178986190
275765255192
275610915041
276032844457
275610915041
275610915041
275626570956
275610915041
275610915041
275610915041
276214324942
276216400484
275659407962
275610915041
275664541554
275886172290
275619185471
275610915041
275610915041
275610915041
275764867424
275651287581
275610915041
275610915041
275610915041
275610915041
275610915041
275610915041
276007830251
275610915041
275661043687
276119371268
276229918271
275915825219
276180610584
275610915041
275610915041
275616069214
275610915041
275610915041
275610915041
275997120542
275688470359
275610915041
275694658385
275610915041
275664097893
275854073939
275742838287
275610915041
275646443979
275610915041
275610915041
275610915041
276071930921
275663666958
275610915041
275610915041
275610915041
275610915041
275944808059
275610915041
275610915041
275610915041
275610915041
275610915041
275856318540
275812259242
276047516691
276066060616
275610915041
275610915041
275658974477
275610915041
275610915041
275610915041
275852783740
275927490334
275610915041
275726439734
275610915041
276006776956
275610915041
275872404449
275610915041
276007201536
275763263543
275953883479
275663325908
276088713248
275610915041
275610915041
275822232957
275610915041
275610915041
275610915041
275610915041
275897109482
275610915041
275699363691
275610915041
276059797002
275610915041
276010921908
276154688207
276277891356
275610915041
275610915041
275928084757
276227032770
275610915041
275610915041
275855783072
275610915041
275610915041
275814832067
276137185696
275740500194
275935134080
275610915041
275976471270
276081353385
275610915041
275963583203
275610915041
275960029825
276056434141
276119762328
275610915041
275835171848
275855493565
275891337931
275774683082
275734820085
275610915041
276218250096
275610915041
275610915041
275722611874
275610915041
275880791564
275610915041
275610915041
275610915041
276044763277
276085275825
275610915041
275610915041
275610915041
276109292111
275610915041
275610915041
276219122698
275910733187
275975802083
275610915041
276153843811
275610915041
275649720894
275610915041
275813512052
275610915041
276022695856
276174660301
275610915041
275709745315
275610915041
276243571522
275638005814
275848826218
275610915041
275610915041
275973845449
276088606600
276186051908
275863510490
275610915041
276317592565
275610915041
275610915041
275896637289
275610915041
276011415524
275916350661
275675633084
276208706654
275610915041
276056792722
276210966716
275610915041
275610915041
275798889671
275656615538
275757154575
275610915041
275610915041
275610915041
275610915041
275610915041
275716421777
276191524730
275610915041
275625226387
275610915041
275610915041
276270126906
275814187369
275666132690
275610915041
276010092272
276184204659
276314091323
275796883786
275610915041
275650462622
275610915041
275610915041
276302185004
275625198248
275610915041
276019776718
276201374424
275610915041
275610915041
276289816176
275907791628
276111247063
275610915041
275730608494
275610915041
275610915041
276165149832
275771306992
275610915041
275787985097
275623575590
275793226733
276179885108
276188656116
275939441149
275676264073
275610915041
275610915041
276121791579
275899631636
275610915041
275640635536
276215116852
275610915041
275610915041
275815406513
275652228707
276023722633
275935805803
275610915041
275610915041
275830687296
275964609726
275610915041
275639053709
275610915041
275816893657
276023020550
275858919663
275610915041
275610915041
275610915041
275760550149
275610915041
275610915041
275643632649
275930406013
275610915041
275910194691
275610915041
275610915041
276016179680
275686098467
275610915041
275610915041
275610915041
275646275400
275761741152
275610915041
275610915041
275874673874
276209692818
275610915041
275897673117
276074157368
275884634815
275818615465
275929875161
275610915041
275748074939
275882945129
275610915041
275610915041
275610915041
275727828131
275733653070
275610915041
275703470759
275731118075
275997054653
275610915041
276298179559
276229511939
275756253874
276281243992
276044084863
275610915041
275776467455
275860223364
275610915041
275610915041
275610915041
276031194193
275610915041
275611972935
275610915041
275687128996
275675729704
275837250896
275969416238
276170435872
275610915041
275610915041
275950054261
276220205961
275610915041
275610915041
275610915041
275794603551
275610915041
275610915041
275610915041
275610915041
275610915041
275643638697
276199430596
275610915041
275610915041
275678819796
276126722153
275610915041
275610915041
276217107424
275610915041
275610915041
275960226716
275866887646
275746072300
275610915041
275610915041
275629561157
275765973217
275753819339
275803846221
276287639925
276175751418
275610915041
275610915041
275968852026
275987250732
275610915041
276207087347
275796479153
276200073983
275610915041
275610915041
275610915041
275731678105
275610915041
275848995621
275622061768
275784979327
275610915041
275610915041
276210085033
276275547176
276132955161
275610915041
275610915041
275610915041
275744324939
275610915041
275610915041
275610915041
275610915041
275791962561
275610915041
275610915041
275610915041
276167513884
275610915041
275610915041
275610915041
275610915041
275612370405
275610915041
275610915041
275610915041
275782116230
276066264489
275656974116
275907325942
275664098005
275610915041
275610915041
275944226277
275977142165
275610915041
276076057778
275610915041
275717835886
275700367852
275679978711
275708700981
275759434296
275610915041
275610915041
276057804080
275815431076
275610915041
275610915041
275610915041
276209980133
275610915041
276127018635
275610915041
275794854613
275610915041
276187800285
275956686815
275610915041
275610915041
275610915041
275610915041
275610915041
275610915041
275974259871
275758618397
275610915041
276124535225
275610915041
276169790397
275610915041
275610915041
276199296063
275834271507
275971409527
275610915041
276081703667
275610915041
275610915041
275948748771
275732940064
276068493219
275610915041
275610915041
275610915041
275733879503
275877704734
276010187319
275610915041
275610915041
275610915041
275722792682
275610915041
275610915041
275610915041
275610915041
275765386322
275610915041
275979845592
275610915041
276021156193
276246697273
275610915041
275610915041
275876448462
275771642247
275610915041
275883385272
275610915041
275783697126
275610915041
275610915041
275610915041
275610915041
276102718067
276020682738
275998392458
275655886745
275999400337
275624993208
275610915041
275784118269
275610915041
275610915041
275610915041
276030033675
275610915041
275610915041
275610915041
276178603990
275610915041
275837323606
275610915041
275610915041
275810988841
275766762768
276009483365
275866298975
275610915041
275753427304
275948087695
275610915041
275610915041
275610915041
276132694482
276011318900
276150002934
275625604844
275768122551
275989738602
275871483370
275610915041
275617238183
275724135157
275610915041
275936665875
275637960545
275610915041
275610915041
276128686665
275610915041
275813420956
275632801169
275610915041
275610915041
275836347380
276162986763
275610915041
275610915041
276264111010
275610915041
275884275715
275983981541
275610915041
275610915041
275610915041
275610915041
275610915041
275610915041
275756166460
275610915041
276000113212
275610915041
276029687087
275672013783
276167176418
275610915041
275610915041
275610915041
276277576409
275610915041
275657581172
276091453453
275610915041
275610915041
275610915041
275610915041
275610915041
276006188288
275610915041
275992360481
275610915041
275997510960
275610915041
275610915041
276250159591
276194147209
275610915041
276248450272
275610915041
275610915041
275610915041
275789445204
275610915041
275954305963
275610915041
275610915041
275610915041
275610915041
276011282504
275610915041
275610915041
275610915041
276085817224
275887039816
276024470441
275610915041
275610915041
276251600798
275610915041
275610915041
275610915041
275610915041
275610915041
276099876933
275610915041
276201030444
275863039846
275625382100
275610915041
276047042966
276037323367
275610915041
276229903864
275633808163
275610915041
275610915041
276098360083
275610915041
275610915041
275610915041
276070773731
276182436774
275610915041
275926427634
275610915041
276001076382
275610915041
275610915041
275610915041
275610915041
275610915041
276060646364
276194567430
275610915041
275623851391
276136640378
275610915041
276040220523
276119059229
275610915041
275610915041
275878456260
275610915041
275610915041
275610915041
275734719820
276025014684
275610915041
275610915041
276160256545
275610915041
275610915041
275947271310
275610915041
275610915041
275610915041
276078799687
275610915041
275610915041
275630713098
276314535330
275644487265
275875951583
275610915041
275951748467
276185204927
275610915041
275610915041
275610915041
275880923752
275610915041
275610915041
275610915041
275610915041
275649103854
275610915041
275610915041
275610915041
275610915041
275660373827
275680280078
275821150856
275610915041
275610915041
275610915041
276119062351
275610915041
275610915041
275951356447
276186451920
276167024406
275677991455
275610915041
275610915041
275610915041
275610915041
275610915041
275610915041
275610915041
275610915041
275799662793
275610915041
275638425562
275610915041
275798452068
275610915041
275610915041
275610915041
275759503684
275825433859
275729717362
275610915041
275610915041
275610915041
275928167033
275610915041
275610915041
275610915041
275705671809
275610915041
275610915041
275610915041
275610915041
275610915041
275752916632
275734834885
276067780522
275610915041
275610915041
275610915041
275688405119
275610915041
275722677455
275610915041
275610915041
275610915041
275898152535
275610915041
276175367144
275777477185
276036907001
275949120745
275610915041
275629860899
276035298853
275610915041
275796906612
275733315342
275610915041
275610915041
275782354147
275610915041
275610915041
275610915041
275747645976
275999808186
275610915041
276133849370
275910784566
275610915041
275610915041
275624504481
276094607186
275610915041
276186229783
276298553935
275884229072
275610915041
275955793274
276126984768
275751035127
275744342119
275610915041
275838428767
275610915041
275610915041
275610915041
275718309278
275852709614
275825095954
275610915041
275610915041
275610915041
275998320923
275984364415
275610915041
275610915041
275610915041
275720880152
275610915041
275610915041
275610915041
276156354778
275753022255
275610915041
275660704153
276189218029
276093090375
275610915041
275610915041
275610915041
275958974609
275610915041
275610915041
275610915041
275610915041
275610915041
275610915041
275699867702
275789038433
275756134642
275634694450
275610915041
276319792935
275974545038
275708924346
275610915041
275610915041
275786132523
275610915041
275610915041
275949483755
275610915041
276074741995
276364185312
275610915041
275744002856
275638162185
275610915041
276280365050
275713485151
275664839424
275610915041
275610915041
275744982380
275818442827
276085393008
275883454087
275610915041
275792383788
275610915041
276016098766
275610915041
275610915041
275927595087
275610915041
275610915041
275802156122
275610915041
275852645839
275610915041
275671304961
275610915041
275610915041
275610915041
275635573737
275938070696
275610915041
275610915041
275610915041
275610915041
275610915041
275610915041
275610915041
275610915041
275610915041
275879669627
276302173461
275610915041
275610915041
275959269272
275610915041
275671078195
275610915041
275887494540
275610915041
275610915041
275985070905
275961172872
275610915041
275610915041
275610915041
275646742197
275610915041
275610915041
275610915041
275948756421
275622071690
275610915041
276150443169
275610915041
276201754402
276031781052
275654256656
275610915041
275610915041
275782508207
275943713925
275610915041
275610915041
276167064889
275610915041
275610915041
275610915041
275610915041
275610915041
275610915041
275610915041
276063912387
275610915041
275610915041
275610915041
275610915041
276160423935
275610915041
275610915041
275972232508
275828140698
275881623037
275960960277
275610915041
276210454051
275610915041
275610915041
275610915041
275610915041
275759522204
275610915041
275610915041
275610915041
276149719964
275703993542
275694901881
275610915041
276108969227
275810890396
275610915041
275610915041
275610915041
275645577083
275610915041
275610915041
275856451151
275610915041
275742236675
275610915041
275963700836
275610915041
275610915041
275610915041
275771731639
275610915041
276170778646
275610915041
275988971570
275610915041
276090938008
275610915041
276147837194
275610915041
275610915041
275610915041
275610915041
275610915041
275610915041
275610915041
275610915041
275851600369
276127120024
275610915041
275610915041
275610915041
275610915041
275610915041
275610915041
275676343083
275964759470
275610915041
275758827876
275610915041
275692190452
275610915041
275610915041
275775563474
275822567276
275610915041
275610915041
275610915041
275703069709
276097520340
275934328397
276203772806
275610915041
275610915041
275610915041
275610915041
275660934949
275610915041
275751176016
275610915041
275610915041
275610915041
275610915041
275908627568
275768198959
275707821884
275736888917
275610915041
275800113506
275610915041
275761813101
275610915041
275610915041
275610915041
276101464689
276044308557
275610915041
275875166177
275610915041
275610915041
275706066297
275610915041
275610915041
275610915041
275610915041
275641717291
275712615893
275610915041
276082786721
275684833281
275610915041
275924332522
275701159943
275885906363
275610915041
275610915041
276011275622
275986136812
275775325287
275610915041
275723305358
275739104154
275610915041
276125436468
275610915041
275705025000
275610915041
276002190549
275610915041
276221130148
275610915041
275610915041
275610915041
275610915041
275610915041
275611147431
275610915041
275913424710
276072219058
276208168551
275787858518
275610915041
275610915041
275610915041
275795555716
275610915041
275610915041
275883462653
275610915041
275610915041
275766659282
275689714038
275774968455
275610915041
275610915041
276066667684
275610915041
275628091946
275610915041
275610915041
275635232252
275610915041
275610915041
275610915041
276243148429
276176864030
275659455957
275610915041
275610915041
275814602326
276004454138
275869373751
275610915041
275610915041
276073946606
275610915041
275610915041
275610915041
275910738681
275610915041
