280192805280
280524120225
279981200160
279999316304
280282211682
279942925138
279942925138
279942925138
279942925138
279950948456
279942925138
280376297082
280208127456
279942925138
280046947184
280107498651
280191803689
279942925138
279942925138
279942925138
280146800942
280201795452
279942925138
279942925138
279942925138
279975338831
280397946239
279942925138
280121968179
280363029323
279942925138
280032774805
279942925138
280049850941
279942925138
280036910331
280062067855
280367365063
280416829776
280172658818
279942925138
280270105492
279942925138
280122372778
279942925138
279942925138
279942925138
280582126000
279942925138
279942925138
279942925138
280622306418
280137865125
280187982221
279942925138
279942925138
279942925138
279942925138
279942925138
280104823249
280068608812
280358650611
279942925138
279942925138
280322506596
279942925138
279942925138
279942925138
279942925138
279942925138
279942925138
280000932841
279942925138
279942925138
279942925138
279942925138
279942925138
280226119204
279942925138
280596115606
279942925138
280418293374
280337853144
280484358115
279942925138
279942925138
279942925138
280360111967
279942925138
280462217395
279942925138
279942925138
279942925138
280186209212
279942925138
280140668283
280439064636
279942925138
280234599430
279942925138
280000879402
279942925138
279942925138
280255417229
279942925138
280012122131
280432178389
280270339625
280178072739
280466602179
279942925138
279942925138
279942925138
280618508150
279942925138
280071465752
279942925138
279942925138
279942925138
279942925138
279942925138
279942925138
280230636722
279942925138
279942925138
279942925138
280247933225
280441398897
280307071286
279954894084
279942925138
280267877739
279942925138
279948323819
279942925138
279942925138
279942925138
279942925138
279942925138
279942925138
279996128049
280030488612
279942925138
280007376296
279942925138
280095964356
279942925138
279942925138
279977233612
279942925138
280585083983
279942925138
279942925138
280409650340
279945061867
279942925138
279942925138
279942925138
280031684862
279942925138
279942925138
279942925138
279942925138
280043974228
279942925138
280115894202
280012614140
279942925138
279942925138
279942925138
280333426735
280384311262
280350955440
279942925138
280043116157
279942925138
280381250350
279942925138
279942925138
280196285279
279942925138
279942925138
280140084200
280565388123
280280669045
279942925138
280344289429
280525719203
280248737539
280297023260
279942925138
280249641212
280069265722
279942925138
279942925138
280441845019
280231484024
279942925138
280270742405
280082567601
279942925138
280088005025
279942925138
279942925138
279942925138
279942925138
279942925138
279942925138
279942925138
280286894935
280214477102
280312367714
279942925138
279978094756
279942925138
279942925138
279942925138
279942925138
279942925138
279942925138
280188214102
279942925138
280173726045
280119915693
279942925138
279942925138
279942925138
280220139612
280276981732
279942925138
279942925138
279942925138
280262199131
280257697465
280043794906
279988882277
279942925138
279942925138
279942925138
280599834510
279942925138
280156201073
279942925138
280404513701
280619246649
279942925138
279953126770
279942925138
280469158258
280186825113
280154223083
279942925138
280298222223
279942925138
280430506370
280382553553
279942925138
279942925138
279942925138
280488444514
280077805427
280191541034
279942925138
279950723541
279942925138
279942925138
279942925138
279942925138
280041511317
280386707337
279942925138
279942925138
280519969690
279959692454
280557779220
279942925138
279942925138
280382841848
279942925138
280120810674
280108008690
279942925138
280568707861
279942925138
279942925138
279942925138
279942925138
279942925138
280166113523
279942925138
279942925138
279955885384
279942925138
279942925138
280256476536
279942925138
279942925138
280370277093
280394815047
279942925138
280119029611
280201805954
279942925138
279942925138
279942925138
280207431495
279942925138
279942925138
279942925138
280362750751
280004705579
279942925138
280313401331
280149424299
280223445611
280017662380
279942925138
280293492189
279942925138
280332711620
280267797448
280099583286
280118167785
279942925138
279942925138
279942925138
279942925138
280234347449
279973103498
280132558295
280031987111
280278602200
279942925138
279942925138
279942925138
279942925138
280102643233
280226109105
279942925138
280142678344
279942925138
280091717417
279942925138
279942925138
279942925138
280371509485
279997106228
279942925138
280275562823
280453827169
279962954587
279942925138
280424277211
280435962898
280141226440
279942925138
280337338047
280278586518
279942925138
280340271717
279942925138
280241958215
280562888671
279942925138
280448575451
280126045601
279942925138
280394786311
279942925138
280220295833
279942925138
280397352666
280304112609
280500376877
279942925138
280552796498
279942925138
280354156945
280052379585
279942925138
280220364861
280488604889
280425606768
279942925138
279942925138
279942925138
280310538250
279942925138
280412925851
280069738339
279942925138
280259981052
280167036072
279942925138
279942925138
279942925138
279942925138
279942925138
280483745026
280038478192
280199428837
279942925138
279942925138
279942925138
279942925138
280238348308
279942925138
280110072200
279942925138
279942925138
279942925138
279942925138
279950780996
279942925138
280388575547
280263797973
280258270220
279942925138
280216778605
280297735330
279942925138
280430639933
279942925138
280000160249
280261279047
279942925138
280375744027
279942925138
279997260496
279942925138
279942925138
279942925138
280329309656
280260129660
279942925138
280431215685
280369284943
280281923899
279942925138
280343854808
280485755794
280336154682
279942925138
280067585615
279942925138
279942925138
280455819783
280070960641
280083004802
280069471447
279942925138
280491210333
279982476483
280363656158
280272413139
280095523961
280068051422
279942925138
280230770829
280348731741
279942925138
280361558398
280250557450
279942925138
280260297026
279942925138
279942925138
280228572161
279942925138
279942925138
280139792483
279942925138
280425752774
280659062676
279942925138
279942925138
280355026593
280249017888
280060091446
280113138185
280180393797
279942925138
279968959910
280114452767
280406525615
279942925138
280599588585
279942925138
280386485314
279942925138
279942925138
280149215325
280114446082
280333747092
280491606411
279942925138
279942925138
279942925138
280378742282
280349232187
279942925138
279942925138
280515677183
280212988185
279942925138
280010089703
279942925138
280345115286
279942925138
280013409081
279942925138
279942925138
279942925138
279942925138
279942925138
280334944852
279942925138
279942925138
280574569220
280390146070
279942925138
279942925138
280062665660
279942925138
279942925138
280019608192
279942925138
280089714130
279942925138
280423199518
280059352904
280130579654
279942925138
280323615644
279942925138
279942925138
279942925138
279942925138
280071285735
280254166272
280261111246
280077720312
279942925138
279993472914
279942925138
280018503483
279942925138
280474554705
279942925138
280114971012
280488453097
279942925138
279942925138
280119465606
280059772596
279942925138
280367440334
280179868900
279942925138
279966243729
279942925138
279942925138
280398064094
279942925138
280112006141
280024724901
279942925138
279942925138
280164321761
279942925138
280235526750
280145365240
280346022748
279984690879
280255228624
280219194334
279942925138
279942925138
280294506667
279942925138
280089655071
279942925138
280149040021
279942925138
279942925138
280560820184
279942925138
279998820930
279942925138
280650125802
280347316324
280486857526
279942925138
279942925138
280203536766
280271202014
279942925138
280080892670
279942925138
280065665228
280206908032
279942925138
279942925138
280452086112
280392064028
279942925138
279942925138
279992225325
279942925138
280074692854
279942925138
280536282665
279946233868
280128760438
280105636452
279986521277
279942925138
279942925138
280270356142
280247083347
279942925138
280204490491
279942925138
280327622647
280037147467
279942925138
280565709810
280051050508
279942925138
279942925138
279950226491
280028477575
279942925138
279942925138
279942925138
279942925138
280246011680
279942925138
279942925138
279942925138
279942925138
279942925138
279954257531
279942925138
280066768268
279942925138
280309274110
280280510024
280411946737
279964779574
280375849256
279942925138
279942925138
279942925138
279942925138
279942925138
280404332116
280149717163
279942925138
279962305300
279942925138
280286708254
279942925138
280013178538
279951120411
279942925138
279942925138
280075403309
280492485081
279942925138
280507817307
279942925138
280141970952
280372769334
280071518598
280138610754
279942925138
280018342279
279942925138
279942925138
280037630035
279942925138
279942925138
279942925138
279942925138
280359307599
279942925138
279942925138
279945360328
280379315517
279942925138
280169844219
279942925138
279942925138
279942925138
279942925138
279942925138
280165768127
280190944798
279996793738
280169918493
280139471832
279942925138
280304764927
279942925138
280540288680
279955801533
279988158892
279942925138
280383660674
280058118925
279942925138
279942925138
279942925138
280381721659
280400709770
280039083582
280359830296
279942925138
280492851315
279942925138
279942925138
279942925138
280360446763
280086255155
279942925138
279942925138
279942925138
280291026783
280210378602
279942925138
279942925138
280195022640
280274744319
279942925138
279942925138
279942925138
279942925138
280309004128
279942925138
280237438465
280592217754
279942925138
280589553293
280277210240
279942925138
280013499823
280571079395
280383435778
279942925138
279954752585
280306514068
279942925138
280066853553
279942925138
279942925138
280048033067
279974503635
279942925138
280042248904
279942925138
279942925138
280111626972
280253390196
280159564862
279942925138
279942925138
279961526089
279942925138
279942925138
280031810094
279942925138
279942925138
279942925138
279942925138
279942925138
280502738320
280204752520
280122617299
279942925138
280166095054
279942925138
279942925138
280265317273
279942925138
279942925138
279942925138
280334469489
279942925138
280092297833
280064622182
280530343480
279942925138
279955418004
279942925138
280379708423
279942925138
279942925138
279942925138
280285074973
280404194445
280292451602
279942925138
280000069119
280149129727
279942925138
279942925138
280287834006
279942925138
279942925138
280045085856
280384162517
280119227052
279942925138
279955197933
280274971799
280129934460
280139513061
280466275015
279942925138
279942925138
280355912398
279942925138
279942925138
279942925138
280523232761
280295018969
279942925138
280015272221
279942925138
280273657471
280207431735
279942925138
279952681711
280456106381
279942925138
279983055378
279942925138
279942925138
280593974899
279942925138
279942925138
280034008720
280447893506
279942925138
279942925138
280413970672
279942925138
280289104209
280361531772
280241290679
280459657915
280385415956
279976364128
280424215814
279942925138
279942925138
280223680260
280615791132
279942925138
280083581496
279942925138
280000014113
279942925138
280387448475
279942925138
280128073683
279942925138
279942925138
280317242856
280021960071
279942925138
279942925138
280321986967
280369846556
280338378628
279942925138
280059327052
279942925138
280302751783
279942925138
279942925138
280448102263
279942925138
279942925138
280253692496
279942925138
279942925138
279942925138
280487403521
280154054272
280196152886
279942925138
280128955649
280030139237
280511092504
279942925138
280056826184
280218421047
280011584939
280115323581
280596291877
280262834123
279942925138
279942925138
279942925138
279942925138
279942925138
279942925138
279942925138
280180482161
279942925138
280333066205
279942925138
279942925138
280270762551
279942925138
280464278157
280135010042
279963019389
279942925138
279942925138
279942925138
280039232477
279942925138
279942925138
280470369153
280023118374
279942925138
280543268923
279942925138
280276086592
280550496070
279942925138
279970880142
279942925138
280503580501
279942925138
280277730537
279942925138
280519296376
279942925138
279942925138
280221256360
279942925138
279942925138
280198273363
280119407338
279942925138
280053748234
279942925138
280291312517
279942925138
280020235064
280078342102
279942925138
279942925138
280494744108
279942925138
279943660326
279942925138
280371877098
279942925138
280066086931
280344689937
280346392153
280052391696
280109296718
280430770980
279942925138
279942925138
279942925138
279942925138
279942925138
280330200834
279942925138
279954693463
279942925138
280382089375
280051384963
280015213263
279942925138
279942925138
279986242261
280254475536
279942925138
280106008414
280262010385
279942925138
279942925138
279942925138
279942925138
280154097733
280373679537
279942925138
279942925138
279942925138
279942925138
279949354546
279978881224
280062998564
279942925138
280244385913
279959408683
279951508630
279942925138
279942925138
279942925138
279942925138
279942925138
280252935672
280033548753
279942925138
280064029332
280364676797
280040126918
279942925138
280397297584
279942925138
280065504810
279942925138
279942925138
279942925138
279955299199
279942925138
279942925138
279942925138
280441795492
279943722668
279942925138
280637032289
280574704640
279942925138
279942925138
280213957866
279942925138
279942925138
279942925138
280022714602
280542358821
279942925138
279942925138
279942925138
280261886166
280193691176
280265092499
280437678420
279984470226
280077245029
280392287756
279942925138
280349865939
279942925138
279942925138
280113568515
280242427183
279942925138
280167896525
280435923744
279942925138
279942925138
280442573772
279980013831
280449681071
280088367902
280389113198
279942925138
280224584188
279942925138
279942925138
279942925138
280162602680
280342368759
279942925138
279942925138
279942925138
280368120980
280051701664
280053779952
279942925138
280212146662
279942925138
280045664532
280477730644
279942925138
280662462191
280359912170
280374626403
280602703475
279942925138
280574359420
279942925138
279942925138
280473398084
279942925138
280107095295
280093968955
280424786767
280378117180
280575745415
280437436227
279942925138
280433404459
279956077201
280559745467
279942925138
280508266030
280502049655
280346309780
279942925138
279942925138
280001261277
279942925138
279942925138
280010616554
280239679450
280268298898
280014984417
280526661859
280061184205
280005832057
279979381761
280054169278
280568982134
279942925138
279942925138
279942925138
280325278543
280386689373
279942925138
280426535846
280385164863
279942925138
280266345633
280073212014
279942925138
280235571687
280210295968
280295147734
280287840173
279942925138
280394507653
279942925138
279942925138
279942925138
280240837378
279942925138
280070033358
280269857704
279942925138
279942925138
279942925138
279942925138
279942925138
280018218871
280377137674
279942925138
280229849368
279942925138
279942925138
280310174767
279942925138
280478900207
280022374404
279942925138
280347095041
279996140891
280422705088
279942925138
280000734538
279942925138
279972735796
280139513093
279967981419
279942925138
279942925138
280302452899
279942925138
279942925138
279942925138
279942925138
279942925138
279942925138
279942925138
279942925138
280153679741
280388690180
280469603881
280200815749
280672946406
279942925138
280091876646
279945333132
279942925138
280126825601
280205794680
279942925138
279942925138
279942925138
280357785249
279942925138
279942925138
280467746595
279942925138
280227589455
279986563551
280356930848
280505397122
280329700402
279942925138
280397230305
280300839324
279942925138
279942925138
279942925138
280465567348
279942925138
280049995285
280606231442
279942925138
279942925138
280021170748
280455633192
279942925138
280415128149
279942925138
280209413075
279942925138
279942925138
279943379599
280137597725
280233596690
279942925138
279942925138
279942925138
280506889965
279942925138
280104781260
280156240010
279942925138
279942925138
280099092862
280185615483
280269834904
279942925138
280606177508
280357121331
280577358473
279942925138
280322509994
280357521620
279942925138
280071164895
279942925138
280618929800
279942925138
279942925138
280316733968
280305748979
279942925138
280475224512
279942925138
279968596892
279942925138
280533948852
280357217343
279942925138
280472638122
279942925138
280313331074
280283579140
280509836078
279942925138
279942925138
279982798123
280014660975
279942925138
280172672634
280440201030
279942925138
280059661986
279942925138
279942925138
280677432258
279942925138
280064034552
279942925138
280422841062
279942925138
279942925138
279942925138
280381824846
279992034405
280389539874
279942925138
279942925138
279942925138
279942925138
280521189366
280354039367
280060088575
279942925138
279942925138
280069074956
279942925138
280415771912
279942925138
279942925138
280318120362
280394065598
280463958327
279962325283
279942925138
279942925138
280551461294
279942925138
280292035089
279942925138
279942925138
280074816705
279942925138
279979979391
280392341640
279942925138
280221926405
280158305961
279942925138
279942925138
280018269500
280406815373
279983378536
280318721035
279942925138
280355500403
279942925138
280003483950
279942925138
279943201951
279942925138
280171848333
280393440503
279942925138
280529207363
280439903115
280249813590
280205496868
279942925138
279942925138
279956753800
279942925138
279942925138
279942925138
280464421365
280150684309
280224308189
279942925138
280089431370
279943407391
280215814008
279942925138
279942925138
279942925138
279942925138
279994767408
279942925138
279942925138
280158465465
280108050373
279942925138
279965034562
279942925138
279942925138
279942925138
280255724553
279942925138
279942925138
280309136090
280432120270
280051915126
279942925138
279942925138
280624542367
280603192637
279942925138
279943203817
279942925138
280000130164
280098300986
280105281275
279950752771
279942925138
280119599497
280557916421
280004604668
279942925138
279942925138
280645487791
279942925138
279942925138
279942925138
279942925138
280357139635
279942925138
280327550544
280288607774
279942925138
279942925138
279942925138
279942925138
279942925138
279942925138
280172551786
279942925138
279985603022
279942925138
279942925138
280449532021
279942925138
280359959925
279942925138
279942925138
279942925138
279942925138
280462438047
280606746370
280216053392
279942925138
279942925138
280317259321
279942925138
280033396218
279942925138
280382107952
279942925138
279942925138
280274076331
279942925138
279942925138
279942925138
280059303800
280286776812
280031781898
280278872771
280374450884
279942925138
280494280655
279942925138
280183724673
279942925138
280575583811
279942925138
280193564827
280111902307
280576090899
280097634497
280491871272
279950565985
280645783881
280137601442
280344884801
280245046629
279942925138
280456972580
279942925138
279942925138
280297368411
280384404062
280208003404
279942925138
280322842986
280427620659
280202991053
280169380538
280195804578
280056526689
279942925138
280148075001
279942925138
280381132688
279995121137
279948717526
280052356487
279942925138
279942925138
280609424253
279942925138
279988538713
279942925138
279942925138
279942925138
280451082824
279942925138
279985426213
280490888631
280415606392
280007520705
279942925138
279942925138
279942925138
279942925138
279942925138
280383253095
280464650595
280350555361
280380357783
279942925138
280114750385
279942925138
279942925138
279942925138
279942925138
280353877796
279942925138
280076997579
280221109315
279944744520
279985011169
279942925138
279942925138
280605938350
279942925138
279942925138
279971059622
280336135514
280455451264
280389424053
279942925138
280151466601
279942925138
279942925138
279942925138
280386640044
279942925138
279942925138
279942925138
280546597079
279942925138
280220755207
280235564191
280310612502
279942925138
279942925138
280111140440
279942925138
279949457351
279942925138
280143191160
280091393911
280009454743
280368625928
279942925138
279949641919
279942925138
280562914132
279957923329
279942925138
279942925138
280052548971
279955166913
280338721384
280283949156
280542803398
280308979752
280557745463
279942925138
279942925138
280295293591
279942925138
279942925138
279942925138
279942925138
280088977194
279942925138
279942925138
280288354199
279942925138
280326888703
280380018180
279942925138
280093946883
279942925138
279942925138
280358593733
279952021399
280495791494
279942925138
280563142566
279942925138
280185432791
279942925138
279942925138
280534105979
279954873043
280233577608
280530898761
280083863615
279942925138
280050916070
280184110860
279942925138
279942925138
279942925138
279942925138
279942925138
280021969607
279942925138
279942925138
279942925138
279942925138
279942925138
279942925138
280068228952
280347962386
279942925138
279942925138
279942925138
279961673715
279942925138
280058578780
279942925138
279942925138
279942925138
279942925138
280286685070
279942925138
280535025015
279942925138
280482109075
280046960474
280205251776
280264590022
280041455884
280291723968
279942925138
280062578516
279942925138
280222769829
279942925138
279942925138
280008246099
279942925138
279942925138
279942925138
279942925138
280019314114
279942925138
279942925138
279942925138
280220262674
280059733540
280311260452
279942925138
280411901155
280594154098
280206720245
280389085226
279942925138
279942925138
279942925138
279942925138
280040607564
279942925138
280052485018
279942925138
279942925138
280316299222
279942925138
279942925138
279942925138
280504671816
279942925138
280074045511
279942925138
279942925138
279942925138
280115898675
280278645518
280248744410
279942925138
280335727659
279942925138
279942925138
279942925138
279942925138
279942925138
280468146072
280461563974
279942925138
279942925138
279942925138
279942925138
280578917434
279942925138
279942925138
279942925138
279942925138
279942925138
279942925138
280104000170
279942925138
280268164783
279942925138
279942925138
279942925138
279942925138
280082028828
280109797407
279942925138
279942925138
279942925138
279967763165
279942925138
279942925138
279942925138
279942925138
279942925138
279942925138
279942925138
280403911568
279942925138
280489710711
279942925138
279942925138
279942925138
279942925138
280307737620
279942925138
280299085816
280017577201
279942925138
279942925138
279942925138
279942925138
279942925138
280111901179
279942925138
279942925138
279963690357
279942925138
279942925138
279942925138
280004976409
279999581438
279942925138
279942925138
279942925138
280358416298
279942925138
279942925138
279942925138
280275001381
279942925138
280292804973
279942925138
279942925138
279942925138
280604018788
280278011622
279942925138
279942925138
280055524744
280082459932
279942925138
280023900173
280457775648
279958043299
280295179670
280347172977
279942925138
279942925138
280456487747
279942925138
279942925138
280136956640
279942925138
279942925138
279942925138
279942925138
279942925138
280054421721
279942925138
279942925138
279942925138
279942925138
280104315262
279942925138
279963098261
279942925138
279942925138
279960993485
279942925138
279942925138
279942925138
279942925138
280332850927
280128427890
280187546136
279942925138
280070775420
280234667590
279942925138
279942925138
280181928263
279942925138
279942925138
280219353282
280073015556
279942925138
279942925138
280409259096
279942925138
279942925138
279942925138
280360593967
279955310908
279942925138
279942925138
280237086291
280425190213
279942925138
280207697593
280521475828
279942925138
279942925138
280107217302
279942925138
280125790235
279942925138
280041948096
279942925138
279942925138
280017135231
279942925138
279942925138
279942925138
279942925138
279942925138
280027427696
280483415562
279942925138
280228291136
279999368355
280335131405
280239396044
280386854460
279942925138
279944946538
279942925138
279942925138
280515600251
280236446088
279942925138
279942925138
279942925138
280498512580
279942925138
279942925138
279942925138
279942925138
279942925138
279942925138
280110339606
280398896191
280245715104
279942925138
279942925138
279942925138
279942925138
280609899175
280522284487
279942925138
280126356199
280193045659
279942925138
279942925138
279942925138
279993987776
279942925138
279942925138
279942925138
279985231300
279942925138
279989795859
280111497830
279942925138
280069801275
280362816935
279942925138
279942925138
279942925138
280257353099
280071068577
280430816895
280492985111
280261280647
279942925138
279990016782
280008516931
280136163020
280327760538
279942925138
280168479662
280197563705
280250662064
280014183431
280392260406
279942925138
279942925138
280368925756
280016839038
280248118632
280050961738
279942925138
280061524753
279942925138
279942925138
280484455931
279942925138
279942925138
280119656640
279942925138
279942925138
280228731471
280383793985
279981030118
280021775007
279942925138
280019681339
280242936105
279942925138
279942925138
279942925138
280559014969
280081535389
280500742912
280247639403
279942925138
279942925138
279983551038
279942925138
280375522367
279942925138
279942925138
279942925138
280390573085
279942925138
279942925138
279942925138
279942925138
280025454195
280212144434
279942925138
280340549352
279942925138
279942925138
279961366923
279942925138
279942925138
280167748718
279942925138
280290605495
279942925138
279942925138
280006526428
279942925138
279942925138
279942925138
279942925138
279942925138
280226470444
280127875801
279956780324
279942925138
279942925138
280014789576
280132921414
280108056934
280151567185
279942925138
279942925138
280144736566
280110184353
280448574209
279942925138
280604709435
280253177491
279942925138
279942925138
280060968849
280011468683
280214991530
279942925138
279942925138
279964498928
279942925138
279942925138
279942925138
279942925138
279942925138
279942925138
